<?xml version="1.0" encoding="UTF-8"?>
<!-- Generated by org.testng.reporters.JUnitReportReporter -->
<testsuite hostname="mukesh" failures="0" tests="1" name="Login_package.VerifyUrl" time="0.019" errors="0" timestamp="28 Apr 2024 15:32:28 GMT">
  <testcase classname="Login_package.VerifyUrl" name="url" time="0.019"/>
</testsuite> <!-- Login_package.VerifyUrl -->
