<?xml version="1.0" encoding="UTF-8"?>
<!-- Generated by org.testng.reporters.JUnitReportReporter -->
<testsuite hostname="mukesh" failures="0" tests="1" name="Login_package.VerifyLogin" time="6.426" errors="0" timestamp="28 Apr 2024 15:32:28 GMT">
  <testcase classname="Login_package.VerifyLogin" name="login" time="6.426"/>
</testsuite> <!-- Login_package.VerifyLogin -->
