<?xml version="1.0" encoding="UTF-8"?>
<!-- Generated by org.testng.reporters.JUnitReportReporter -->
<testsuite hostname="mukesh" failures="0" tests="1" name="testngdemo1.Login" time="4.552" errors="0" timestamp="13 Mar 2024 05:22:58 GMT">
  <testcase classname="testngdemo1.Login" name="Login" time="4.552"/>
</testsuite> <!-- testngdemo1.Login -->
